<?xml version="1.0" encoding="UTF-8"?>
<testsuite xmlns:xsi="http://www.w3.org/2001/XMLSchema-instance" xsi:noNamespaceSchemaLocation="https://maven.apache.org/surefire/maven-surefire-plugin/xsd/surefire-test-report.xsd" name="com.implemica.CurrencyConverter.controller.WebSocketTest" time="6.438" tests="1" errors="0" skipped="0" failures="1">
  <properties>
[...]
</properties>
  <testcase name="test" classname="com.implemica.CurrencyConverter.controller.WebSocketTest" time="2.953">
    <failure message="expected: not &lt;null&gt;" type="org.opentest4j.AssertionFailedError"><![CDATA[org.opentest4j.AssertionFailedError: expected: not <null>
	at com.implemica.CurrencyConverter.controller.WebSocketTest.sendAndCheck(WebSocketTest.java:123)
	at com.implemica.CurrencyConverter.controller.WebSocketTest.test(WebSocketTest.java:98)
]]></failure>
    <system-out><![CDATA[2019-01-10 11:27:59.645  INFO 15496 --- [           main] .b.t.c.SpringBootTestContextBootstrapper : Neither @ContextConfiguration nor @ContextHierarchy found for test class [com.implemica.CurrencyConverter.controller.WebSocketTest], using SpringBootContextLoader
2019-01-10 11:27:59.647  INFO 15496 --- [           main] o.s.t.c.support.AbstractContextLoader    : Could not detect default resource locations for test class [com.implemica.CurrencyConverter.controller.WebSocketTest]: no resource found for suffixes {-context.xml, Context.groovy}.
2019-01-10 11:27:59.668  INFO 15496 --- [           main] .b.t.c.SpringBootTestContextBootstrapper : Loaded default TestExecutionListener class names from location [META-INF/spring.factories]: [org.springframework.boot.test.mock.mockito.MockitoTestExecutionListener, org.springframework.boot.test.mock.mockito.ResetMocksTestExecutionListener, org.springframework.boot.test.autoconfigure.restdocs.RestDocsTestExecutionListener, org.springframework.boot.test.autoconfigure.web.client.MockRestServiceServerResetTestExecutionListener, org.springframework.boot.test.autoconfigure.web.servlet.MockMvcPrintOnlyOnFailureTestExecutionListener, org.springframework.boot.test.autoconfigure.web.servlet.WebDriverTestExecutionListener, org.springframework.test.context.web.ServletTestExecutionListener, org.springframework.test.context.support.DirtiesContextBeforeModesTestExecutionListener, org.springframework.test.context.support.DependencyInjectionTestExecutionListener, org.springframework.test.context.support.DirtiesContextTestExecutionListener, org.springframework.test.context.transaction.TransactionalTestExecutionListener, org.springframework.test.context.jdbc.SqlScriptsTestExecutionListener]
2019-01-10 11:27:59.670  INFO 15496 --- [           main] .b.t.c.SpringBootTestContextBootstrapper : Using TestExecutionListeners: [org.springframework.test.context.web.ServletTestExecutionListener@3bfae028, org.springframework.test.context.support.DirtiesContextBeforeModesTestExecutionListener@1775c4e7, org.springframework.boot.test.mock.mockito.MockitoTestExecutionListener@47829d6d, org.springframework.boot.test.autoconfigure.SpringBootDependencyInjectionTestExecutionListener@2f677247, org.springframework.test.context.support.DirtiesContextTestExecutionListener@43f03c23, org.springframework.boot.test.mock.mockito.ResetMocksTestExecutionListener@7a1b8a46, org.springframework.boot.test.autoconfigure.restdocs.RestDocsTestExecutionListener@2921199d, org.springframework.boot.test.autoconfigure.web.client.MockRestServiceServerResetTestExecutionListener@3d40a3b4, org.springframework.boot.test.autoconfigure.web.servlet.MockMvcPrintOnlyOnFailureTestExecutionListener@7f13811b, org.springframework.boot.test.autoconfigure.web.servlet.WebDriverTestExecutionListener@59fc6d05]

  .   ____          _            __ _ _
 /\\ / ___'_ __ _ _(_)_ __  __ _ \ \ \ \
( ( )\___ | '_ | '_| | '_ \/ _` | \ \ \ \
 \\/  ___)| |_)| | | | | || (_| |  ) ) ) )
  '  |____| .__|_| |_|_| |_\__, | / / / /
 =========|_|==============|___/=/_/_/_/
 :: Spring Boot ::        (v2.1.1.RELEASE)

2019-01-10 11:27:59.804  INFO 15496 --- [           main] c.i.C.controller.WebSocketTest           : Starting WebSocketTest on i5-8Gb with PID 15496 (started by User in C:\Users\User\Documents\Projects\CurrencyConverter)
2019-01-10 11:27:59.805  INFO 15496 --- [           main] c.i.C.controller.WebSocketTest           : No active profile set, falling back to default profiles: default
2019-01-10 11:28:00.779  INFO 15496 --- [           main] trationDelegate$BeanPostProcessorChecker : Bean 'org.springframework.ws.config.annotation.DelegatingWsConfiguration' of type [org.springframework.ws.config.annotation.DelegatingWsConfiguration$$EnhancerBySpringCGLIB$$1ea967b] is not eligible for getting processed by all BeanPostProcessors (for example: not eligible for auto-proxying)
2019-01-10 11:28:00.801  INFO 15496 --- [           main] .w.s.a.s.AnnotationActionEndpointMapping : Supporting [WS-Addressing August 2004, WS-Addressing 1.0]
2019-01-10 11:28:01.146  INFO 15496 --- [           main] o.s.b.w.embedded.tomcat.TomcatWebServer  : Tomcat initialized with port(s): 8080 (http)
2019-01-10 11:28:01.148  INFO 15496 --- [           main] o.apache.catalina.core.StandardService   : Starting service [Tomcat]
2019-01-10 11:28:01.150  INFO 15496 --- [           main] org.apache.catalina.core.StandardEngine  : Starting Servlet Engine: Apache Tomcat/9.0.13
2019-01-10 11:28:01.411  INFO 15496 --- [           main] org.apache.jasper.servlet.TldScanner     : At least one JAR was scanned for TLDs yet contained no TLDs. Enable debug logging for this logger for a complete list of JARs that were scanned but no TLDs were found in them. Skipping unneeded JARs during scanning can improve startup time and JSP compilation time.
2019-01-10 11:28:01.417  INFO 15496 --- [           main] o.a.c.c.C.[Tomcat-1].[localhost].[/]     : Initializing Spring embedded WebApplicationContext
2019-01-10 11:28:01.417  INFO 15496 --- [           main] o.s.web.context.ContextLoader            : Root WebApplicationContext: initialization completed in 1608 ms
2019-01-10 11:28:01.835  INFO 15496 --- [           main] o.s.s.concurrent.ThreadPoolTaskExecutor  : Initializing ExecutorService 'clientInboundChannelExecutor'
2019-01-10 11:28:01.853  INFO 15496 --- [           main] o.s.s.concurrent.ThreadPoolTaskExecutor  : Initializing ExecutorService 'clientOutboundChannelExecutor'
2019-01-10 11:28:01.936  INFO 15496 --- [           main] o.s.s.c.ThreadPoolTaskScheduler          : Initializing ExecutorService 'messageBrokerTaskScheduler'
2019-01-10 11:28:02.051  INFO 15496 --- [           main] o.s.s.concurrent.ThreadPoolTaskExecutor  : Initializing ExecutorService 'brokerChannelExecutor'
2019-01-10 11:28:02.756  INFO 15496 --- [           main] o.s.b.a.w.s.WelcomePageHandlerMapping    : Adding welcome page template: index
2019-01-10 11:28:03.095  INFO 15496 --- [           main] o.a.c.c.C.[Tomcat-1].[localhost].[/]     : Initializing Spring TestDispatcherServlet ''
2019-01-10 11:28:03.097  INFO 15496 --- [           main] o.s.t.web.servlet.TestDispatcherServlet  : Initializing Servlet ''
2019-01-10 11:28:03.426  INFO 15496 --- [           main] o.s.t.web.servlet.TestDispatcherServlet  : Completed initialization in 329 ms
2019-01-10 11:28:03.677  INFO 15496 --- [           main] o.s.m.s.b.SimpleBrokerMessageHandler     : Starting...
2019-01-10 11:28:03.678  INFO 15496 --- [           main] o.s.m.s.b.SimpleBrokerMessageHandler     : BrokerAvailabilityEvent[available=true, SimpleBrokerMessageHandler [DefaultSubscriptionRegistry[cache[0 destination(s)], registry[0 sessions]]]]
2019-01-10 11:28:03.679  INFO 15496 --- [           main] o.s.m.s.b.SimpleBrokerMessageHandler     : Started.
2019-01-10 11:28:03.696  INFO 15496 --- [           main] o.s.b.w.embedded.tomcat.TomcatWebServer  : Tomcat started on port(s): 8080 (http) with context path ''
2019-01-10 11:28:03.697  INFO 15496 --- [           main] c.i.C.controller.WebSocketTest           : Started WebSocketTest in 4.009 seconds (JVM running for 15.062)
2019-01-10 11:28:03.939  INFO 15496 --- [nio-8080-exec-1] o.a.c.c.C.[Tomcat-1].[localhost].[/]     : Initializing Spring DispatcherServlet 'dispatcherServlet'
2019-01-10 11:28:03.940  INFO 15496 --- [nio-8080-exec-1] o.s.web.servlet.DispatcherServlet        : Initializing Servlet 'dispatcherServlet'
2019-01-10 11:28:03.945  INFO 15496 --- [nio-8080-exec-1] o.s.web.servlet.DispatcherServlet        : Completed initialization in 5 ms
2019-01-10 11:28:04.788  INFO 15496 --- [           main] c.i.C.controller.WebSocketTest           : connected: true
2019-01-10 11:28:05.296  INFO 15496 --- [           main] c.i.C.service.BotService                 : send to web socket followers. 
]]></system-out>
  </testcase>
</testsuite>